<?xml version="1.0" encoding="UTF-8"?>
<!-- Generated by org.testng.reporters.JUnitReportReporter -->
<testsuite hostname="Tushar" failures="0" tests="4" name="basicdemo._3SetProirity" time="0.012" errors="0" timestamp="2022-07-07T16:49:59 IST" skipped="0">
  <testcase classname="basicdemo._3SetProirity" name="m" time="0.008"/>
  <system-out>
    <![CDATA[m]]>
  </system-out>
  <testcase classname="basicdemo._3SetProirity" name="a" time="0.001"/>
  <system-out>
    <![CDATA[a]]>
  </system-out>
  <testcase classname="basicdemo._3SetProirity" name="t" time="0.001"/>
  <system-out>
    <![CDATA[t]]>
  </system-out>
  <testcase classname="basicdemo._3SetProirity" name="z" time="0.002"/>
  <system-out>
    <![CDATA[z]]>
  </system-out>
</testsuite> <!-- basicdemo._3SetProirity -->
