<?xml version="1.0" encoding="UTF-8"?>
<!-- Generated by org.testng.reporters.JUnitReportReporter -->
<testsuite hostname="Tushar" failures="0" tests="1" name="hardassertion._1assertion" time="0.008" errors="0" timestamp="2022-07-07T18:34:56 IST" skipped="0">
  <testcase classname="hardassertion._1assertion" name="login" time="0.008"/>
  <system-out/>
</testsuite> <!-- hardassertion._1assertion -->
