<?xml version="1.0" encoding="UTF-8"?>
<!-- Generated by org.testng.reporters.JUnitReportReporter -->
<testsuite hostname="Tushar" failures="0" tests="1" name="basicdemo._8BeforeTest" time="0.004" errors="0" timestamp="2022-07-07T17:35:58 IST" skipped="0">
  <testcase classname="basicdemo._8BeforeTest" name="a" time="0.004"/>
  <system-out>
    <![CDATA[a]]>
  </system-out>
</testsuite> <!-- basicdemo._8BeforeTest -->
