<?xml version="1.0" encoding="UTF-8"?>
<!-- Generated by org.testng.reporters.JUnitReportReporter -->
<testsuite hostname="Tushar" failures="0" tests="1" name="basicdemo._9BeforeSuite" time="0.005" errors="0" timestamp="2022-07-07T18:21:07 IST" skipped="0">
  <testcase classname="basicdemo._9BeforeSuite" name="a" time="0.005"/>
  <system-out>
    <![CDATA[a]]>
  </system-out>
</testsuite> <!-- basicdemo._9BeforeSuite -->
