<?xml version="1.0" encoding="UTF-8"?>
<!-- Generated by org.testng.reporters.JUnitReportReporter -->
<testsuite hostname="Tushar" failures="0" tests="6" name="basicdemo._5invocationcount" time="0.012" errors="0" timestamp="2022-07-07T17:11:30 IST" skipped="0">
  <testcase classname="basicdemo._5invocationcount" name="z" time="0.002"/>
  <system-out>
    <![CDATA[z]]>
  </system-out>
  <testcase classname="basicdemo._5invocationcount" name="m" time="0.001"/>
  <system-out>
    <![CDATA[m]]>
  </system-out>
  <testcase classname="basicdemo._5invocationcount" name="m" time="0.001"/>
  <system-out>
    <![CDATA[m]]>
  </system-out>
  <testcase classname="basicdemo._5invocationcount" name="t" time="0.001"/>
  <system-out>
    <![CDATA[t]]>
  </system-out>
  <testcase classname="basicdemo._5invocationcount" name="a" time="0.007"/>
  <system-out>
    <![CDATA[a]]>
  </system-out>
  <testcase classname="basicdemo._5invocationcount" name="m" time="0.000"/>
  <system-out>
    <![CDATA[m]]>
  </system-out>
</testsuite> <!-- basicdemo._5invocationcount -->
