<?xml version="1.0" encoding="UTF-8"?>
<!-- Generated by org.testng.reporters.JUnitReportReporter -->
<testsuite hostname="Tushar" failures="0" tests="2" name="basicdemo.BasicTestNG" time="0.008" errors="0" timestamp="2022-07-07T16:32:11 IST" skipped="0">
  <testcase classname="basicdemo.BasicTestNG" name="login" time="0.007"/>
  <system-out>
    <![CDATA[login pass]]>
  </system-out>
  <testcase classname="basicdemo.BasicTestNG" name="print" time="0.001"/>
  <system-out>
    <![CDATA[print pass]]>
  </system-out>
</testsuite> <!-- basicdemo.BasicTestNG -->
