<?xml version="1.0" encoding="UTF-8"?>
<!-- Generated by org.testng.reporters.JUnitReportReporter -->
<testsuite hostname="Tushar" failures="0" tests="4" name="basicdemo._2NoPriority" time="0.010" errors="0" timestamp="2022-07-07T16:38:07 IST" skipped="0">
  <testcase classname="basicdemo._2NoPriority" name="a" time="0.007"/>
  <system-out>
    <![CDATA[a]]>
  </system-out>
  <testcase classname="basicdemo._2NoPriority" name="m" time="0.000"/>
  <system-out>
    <![CDATA[m]]>
  </system-out>
  <testcase classname="basicdemo._2NoPriority" name="z" time="0.001"/>
  <system-out>
    <![CDATA[z]]>
  </system-out>
  <testcase classname="basicdemo._2NoPriority" name="t" time="0.002"/>
  <system-out>
    <![CDATA[t]]>
  </system-out>
</testsuite> <!-- basicdemo._2NoPriority -->
