<?xml version="1.0" encoding="UTF-8"?>
<!-- Generated by org.testng.reporters.JUnitReportReporter -->
<testsuite hostname="Tushar" failures="0" tests="4" name="basicdemo._4enabled" time="0.010" errors="0" timestamp="2022-07-07T17:02:35 IST" skipped="1">
  <testcase classname="basicdemo._4enabled" name="a" time="0.008"/>
  <system-out>
    <![CDATA[a]]>
  </system-out>
  <testcase classname="basicdemo._4enabled" name="t" time="0.001"/>
  <system-out>
    <![CDATA[t]]>
  </system-out>
  <testcase classname="basicdemo._4enabled" name="z" time="0.001"/>
  <system-out>
    <![CDATA[z]]>
  </system-out>
  <testcase classname="basicdemo._4enabled" name="m">
    <skipped/>
  </testcase> <!-- m -->
  <system-out/>
</testsuite> <!-- basicdemo._4enabled -->
