<?xml version="1.0" encoding="UTF-8"?>
<!-- Generated by org.testng.reporters.JUnitReportReporter -->
<testsuite hostname="Tushar" failures="0" tests="1" name="basicdemo._6beforemethod" time="0.007" errors="0" timestamp="2022-07-07T17:21:18 IST" skipped="0">
  <testcase classname="basicdemo._6beforemethod" name="a" time="0.007"/>
  <system-out>
    <![CDATA[a]]>
  </system-out>
</testsuite> <!-- basicdemo._6beforemethod -->
